2020-11-29 11:13:09,696 INFO notifyConnectTimeout:200

2020-11-29 11:13:09,746 INFO notifySocketTimeout:8000

2020-11-29 11:13:09,746 INFO isHealthCheck:true

2020-11-29 11:13:09,746 INFO maxHealthCheckFailCount:12

2020-11-29 11:13:09,746 INFO maxContent:10485760

2020-11-29 11:13:38,071 INFO use local db service for init

2020-11-29 11:13:48,424 WARN Lexical error at line 4, column 66.  Encountered: <EOF> after : "".

2020-11-29 11:13:48,482 WARN Syntax error: Encountered "*" at line 1, column 1.

2020-11-29 11:13:48,668 WARN Table/View 'CONFIG_INFO' already exists in Schema 'NACOS'.

2020-11-29 11:13:49,115 WARN Table/View 'HIS_CONFIG_INFO' already exists in Schema 'NACOS'.

2020-11-29 11:13:49,206 WARN Table/View 'CONFIG_INFO_BETA' already exists in Schema 'NACOS'.

2020-11-29 11:13:49,292 WARN Table/View 'CONFIG_INFO_TAG' already exists in Schema 'NACOS'.

2020-11-29 11:13:49,434 WARN Table/View 'CONFIG_INFO_AGGR' already exists in Schema 'NACOS'.

2020-11-29 11:13:49,545 WARN Table/View 'APP_LIST' already exists in Schema 'NACOS'.

2020-11-29 11:13:49,696 WARN Table/View 'APP_CONFIGDATA_RELATION_SUBS' already exists in Schema 'NACOS'.

2020-11-29 11:13:49,795 WARN Table/View 'APP_CONFIGDATA_RELATION_PUBS' already exists in Schema 'NACOS'.

2020-11-29 11:13:49,885 WARN Table/View 'CONFIG_TAGS_RELATION' already exists in Schema 'NACOS'.

2020-11-29 11:13:50,021 WARN Table/View 'GROUP_CAPACITY' already exists in Schema 'NACOS'.

2020-11-29 11:13:50,142 WARN Table/View 'TENANT_CAPACITY' already exists in Schema 'NACOS'.

2020-11-29 11:13:50,232 WARN Table/View 'TENANT_INFO' already exists in Schema 'NACOS'.

2020-11-29 11:13:50,389 WARN Table/View 'USERS' already exists in Schema 'NACOS'.

2020-11-29 11:13:50,525 WARN Table/View 'ROLES' already exists in Schema 'NACOS'.

2020-11-29 11:13:50,691 WARN Table/View 'PERMISSIONS' already exists in Schema 'NACOS'.

2020-11-29 11:13:51,347 WARN The statement was aborted because it would have caused a duplicate key value in a unique or primary key constraint or unique index identified by 'SQL201125230258070' defined on 'USERS'.

2020-11-29 11:13:51,376 WARN The statement was aborted because it would have caused a duplicate key value in a unique or primary key constraint or unique index identified by 'UK_USERNAME_ROLE' defined on 'ROLES'.

2020-11-29 11:13:51,376 INFO use StandaloneDatabaseOperateImpl

2020-11-29 11:14:00,359 WARN DumpService start

2020-11-29 11:14:00,361 INFO start clear all config-info.

2020-11-29 11:14:00,493 WARN clear all config-info failed.

2020-11-29 11:14:00,493 WARN clear all config-info-tenant failed.

2020-11-29 11:14:01,297 INFO [all-dump] 306782523092897792 / 306782523092897792

2020-11-29 11:14:01,297 INFO start clear all config-info-beta.

2020-11-29 11:14:01,297 WARN clear all config-info-beta failed.

2020-11-29 11:14:01,297 WARN clear all config-info-beta-tenant failed.

2020-11-29 11:14:02,139 INFO start clear all config-info-tag.

2020-11-29 11:14:02,139 WARN clear all config-info-tag failed.

2020-11-29 11:14:02,139 WARN clear all config-info-tag-tenant failed.

2020-11-29 12:13:03,350 INFO notifyConnectTimeout:200

2020-11-29 12:13:03,367 INFO notifySocketTimeout:8000

2020-11-29 12:13:03,370 INFO isHealthCheck:true

2020-11-29 12:13:03,370 INFO maxHealthCheckFailCount:12

2020-11-29 12:13:03,371 INFO maxContent:10485760

2020-11-29 12:13:21,241 INFO use local db service for init

2020-11-29 12:13:24,244 WARN Lexical error at line 4, column 66.  Encountered: <EOF> after : "".

2020-11-29 12:13:24,313 WARN Syntax error: Encountered "*" at line 1, column 1.

2020-11-29 12:13:24,492 WARN Table/View 'CONFIG_INFO' already exists in Schema 'NACOS'.

2020-11-29 12:13:24,925 WARN Table/View 'HIS_CONFIG_INFO' already exists in Schema 'NACOS'.

2020-11-29 12:13:25,032 WARN Table/View 'CONFIG_INFO_BETA' already exists in Schema 'NACOS'.

2020-11-29 12:13:25,124 WARN Table/View 'CONFIG_INFO_TAG' already exists in Schema 'NACOS'.

2020-11-29 12:13:25,221 WARN Table/View 'CONFIG_INFO_AGGR' already exists in Schema 'NACOS'.

2020-11-29 12:13:25,335 WARN Table/View 'APP_LIST' already exists in Schema 'NACOS'.

2020-11-29 12:13:25,433 WARN Table/View 'APP_CONFIGDATA_RELATION_SUBS' already exists in Schema 'NACOS'.

2020-11-29 12:13:25,533 WARN Table/View 'APP_CONFIGDATA_RELATION_PUBS' already exists in Schema 'NACOS'.

2020-11-29 12:13:25,627 WARN Table/View 'CONFIG_TAGS_RELATION' already exists in Schema 'NACOS'.

2020-11-29 12:13:25,726 WARN Table/View 'GROUP_CAPACITY' already exists in Schema 'NACOS'.

2020-11-29 12:13:25,815 WARN Table/View 'TENANT_CAPACITY' already exists in Schema 'NACOS'.

2020-11-29 12:13:25,891 WARN Table/View 'TENANT_INFO' already exists in Schema 'NACOS'.

2020-11-29 12:13:25,992 WARN Table/View 'USERS' already exists in Schema 'NACOS'.

2020-11-29 12:13:26,072 WARN Table/View 'ROLES' already exists in Schema 'NACOS'.

2020-11-29 12:13:26,192 WARN Table/View 'PERMISSIONS' already exists in Schema 'NACOS'.

2020-11-29 12:13:26,474 WARN The statement was aborted because it would have caused a duplicate key value in a unique or primary key constraint or unique index identified by 'SQL201125230258070' defined on 'USERS'.

2020-11-29 12:13:26,493 WARN The statement was aborted because it would have caused a duplicate key value in a unique or primary key constraint or unique index identified by 'UK_USERNAME_ROLE' defined on 'ROLES'.

2020-11-29 12:13:26,493 INFO use StandaloneDatabaseOperateImpl

2020-11-29 12:13:31,366 WARN DumpService start

2020-11-29 12:13:31,371 INFO start clear all config-info.

2020-11-29 12:13:31,393 WARN clear all config-info failed.

2020-11-29 12:13:31,394 WARN clear all config-info-tenant failed.

2020-11-29 12:13:31,663 INFO [all-dump] 306782523092897792 / 306782523092897792

2020-11-29 12:13:31,663 INFO start clear all config-info-beta.

2020-11-29 12:13:31,663 WARN clear all config-info-beta failed.

2020-11-29 12:13:31,663 WARN clear all config-info-beta-tenant failed.

2020-11-29 12:13:31,797 INFO start clear all config-info-tag.

2020-11-29 12:13:31,797 WARN clear all config-info-tag failed.

2020-11-29 12:13:31,797 WARN clear all config-info-tag-tenant failed.

